<?xml version="1.0" encoding="UTF-8"?>
<!-- Generated by org.testng.reporters.JUnitReportReporter -->
<testsuite hostname="krimou" failures="0" tests="1" name="Test_cases.test_exo_imdb" time="12.150" errors="0" timestamp="2023-04-19T12:52:03 HAE" skipped="0">
  <testcase classname="Test_cases.test_exo_imdb" name="test_exo_imdb" time="12.150"/>
  <system-out/>
</testsuite> <!-- Test_cases.test_exo_imdb -->
