<?xml version="1.0" encoding="UTF-8"?>
<!-- Generated by org.testng.reporters.JUnitReportReporter -->
<testsuite hostname="krimou" failures="0" tests="1" name="Test_cases.test_exercice01" time="27.233" errors="0" timestamp="2023-04-19T16:27:23 HAE" skipped="0">
  <testcase classname="Test_cases.test_exercice01" name="test_endtoend" time="27.233"/>
  <system-out/>
</testsuite> <!-- Test_cases.test_exercice01 -->
